This file contains any messages produced by compilers while
running configure, to aid debugging if configure makes a mistake.

It was created by configure, which was
generated by GNU Autoconf 2.59.  Invocation command line was

  $ ./configure 

## --------- ##
## Platform. ##
## --------- ##

hostname = Banana1.local
uname -m = x86_64
uname -r = 12.3.0
uname -s = Darwin
uname -v = Darwin Kernel Version 12.3.0: Sun Jan  6 22:37:10 PST 2013; root:xnu-2050.22.13~1/RELEASE_X86_64

/usr/bin/uname -p = i386
/bin/uname -X     = unknown

/bin/arch              = unknown
/usr/bin/arch -k       = unknown
/usr/convex/getsysinfo = unknown
hostinfo               = Mach kernel version:
	 Darwin Kernel Version 12.3.0: Sun Jan  6 22:37:10 PST 2013; root:xnu-2050.22.13~1/RELEASE_X86_64
Kernel configured for up to 4 processors.
2 processors are physically available.
4 processors are logically available.
Processor type: i486 (Intel 80486)
Processors active: 0 1 2 3
Primary memory available: 4.00 gigabytes
Default processor set: 103 tasks, 482 threads, 4 processors
Load average: 0.57, Mach factor: 3.42
/bin/machine           = unknown
/usr/bin/oslevel       = unknown
/bin/universe          = unknown

PATH: /usr/local/heroku/bin
PATH: /usr/local/Cellar/ruby/2.0.0-p0/bin
PATH: /usr/bin
PATH: /bin
PATH: /usr/sbin
PATH: /sbin


## ----------- ##
## Core tests. ##
## ----------- ##

configure:1547: checking for a BSD-compatible install
configure:1602: result: /usr/bin/install -c
configure:1613: checking whether build environment is sane
configure:1656: result: yes
configure:1721: checking for gawk
configure:1750: result: no
configure:1721: checking for mawk
configure:1750: result: no
configure:1721: checking for nawk
configure:1750: result: no
configure:1721: checking for awk
configure:1737: found /usr/bin/awk
configure:1747: result: awk
configure:1757: checking whether make sets $(MAKE)
configure:1777: result: yes
configure:1957: checking build system type
configure:1975: result: i686-apple-darwin12.3.0
configure:1983: checking host system type
configure:1997: result: i686-apple-darwin12.3.0
configure:2020: checking for style of include used by make
configure:2048: result: GNU
configure:2119: checking for gcc
configure:2135: found /usr/bin/gcc
configure:2145: result: gcc
configure:2389: checking for C compiler version
configure:2392: gcc --version </dev/null >&5
i686-apple-darwin11-llvm-gcc-4.2 (GCC) 4.2.1 (Based on Apple Inc. build 5658) (LLVM build 2336.11.00)
Copyright (C) 2007 Free Software Foundation, Inc.
This is free software; see the source for copying conditions.  There is NO
warranty; not even for MERCHANTABILITY or FITNESS FOR A PARTICULAR PURPOSE.

configure:2395: $? = 0
configure:2397: gcc -v </dev/null >&5
Using built-in specs.
Target: i686-apple-darwin11
Configured with: /private/var/tmp/llvmgcc42/llvmgcc42-2336.11~148/src/configure --disable-checking --enable-werror --prefix=/Applications/Xcode.app/Contents/Developer/usr/llvm-gcc-4.2 --mandir=/share/man --enable-languages=c,objc,c++,obj-c++ --program-prefix=llvm- --program-transform-name=/^[cg][^.-]*$/s/$/-4.2/ --with-slibdir=/usr/lib --build=i686-apple-darwin11 --enable-llvm=/private/var/tmp/llvmgcc42/llvmgcc42-2336.11~148/dst-llvmCore/Developer/usr/local --program-prefix=i686-apple-darwin11- --host=x86_64-apple-darwin11 --target=i686-apple-darwin11 --with-gxx-include-dir=/usr/include/c++/4.2.1
Thread model: posix
gcc version 4.2.1 (Based on Apple Inc. build 5658) (LLVM build 2336.11.00)
configure:2400: $? = 0
configure:2402: gcc -V </dev/null >&5
llvm-gcc-4.2: argument to `-V' is missing
configure:2405: $? = 1
configure:2428: checking for C compiler default output file name
configure:2431: gcc    conftest.c  >&5
configure:2434: $? = 0
configure:2480: result: a.out
configure:2485: checking whether the C compiler works
configure:2491: ./a.out
configure:2494: $? = 0
configure:2511: result: yes
configure:2518: checking whether we are cross compiling
configure:2520: result: no
configure:2523: checking for suffix of executables
configure:2525: gcc -o conftest    conftest.c  >&5
configure:2528: $? = 0
configure:2553: result: 
configure:2559: checking for suffix of object files
configure:2580: gcc -c   conftest.c >&5
configure:2583: $? = 0
configure:2605: result: o
configure:2609: checking whether we are using the GNU C compiler
configure:2633: gcc -c   conftest.c >&5
configure:2639: $? = 0
configure:2643: test -z 
			 || test ! -s conftest.err
configure:2646: $? = 0
configure:2649: test -s conftest.o
configure:2652: $? = 0
configure:2665: result: yes
configure:2671: checking whether gcc accepts -g
configure:2692: gcc -c -g  conftest.c >&5
configure:2698: $? = 0
configure:2702: test -z 
			 || test ! -s conftest.err
configure:2705: $? = 0
configure:2708: test -s conftest.o
configure:2711: $? = 0
configure:2722: result: yes
configure:2739: checking for gcc option to accept ANSI C
configure:2809: gcc  -c -g -O2  conftest.c >&5
configure:2815: $? = 0
configure:2819: test -z 
			 || test ! -s conftest.err
configure:2822: $? = 0
configure:2825: test -s conftest.o
configure:2828: $? = 0
configure:2846: result: none needed
configure:2864: gcc -c -g -O2  conftest.c >&5
conftest.c:2: error: expected '=', ',', ';', 'asm' or '__attribute__' before 'me'
configure:2870: $? = 1
configure: failed program was:
| #ifndef __cplusplus
|   choke me
| #endif
configure:3005: checking dependency style of gcc
configure:3095: result: none
configure:3118: checking how to run the C preprocessor
configure:3153: gcc -E  conftest.c
configure:3159: $? = 0
configure:3191: gcc -E  conftest.c
conftest.c:11:28: error: ac_nonexistent.h: No such file or directory
configure:3197: $? = 1
configure: failed program was:
| /* confdefs.h.  */
| 
| #define PACKAGE_NAME ""
| #define PACKAGE_TARNAME ""
| #define PACKAGE_VERSION ""
| #define PACKAGE_STRING ""
| #define PACKAGE_BUGREPORT ""
| #define PACKAGE "siege"
| #define VERSION "3.0.0"
| /* end confdefs.h.  */
| #include <ac_nonexistent.h>
configure:3236: result: gcc -E
configure:3260: gcc -E  conftest.c
configure:3266: $? = 0
configure:3298: gcc -E  conftest.c
conftest.c:11:28: error: ac_nonexistent.h: No such file or directory
configure:3304: $? = 1
configure: failed program was:
| /* confdefs.h.  */
| 
| #define PACKAGE_NAME ""
| #define PACKAGE_TARNAME ""
| #define PACKAGE_VERSION ""
| #define PACKAGE_STRING ""
| #define PACKAGE_BUGREPORT ""
| #define PACKAGE "siege"
| #define VERSION "3.0.0"
| /* end confdefs.h.  */
| #include <ac_nonexistent.h>
configure:3348: checking for egrep
configure:3358: result: grep -E
configure:3364: checking for AIX
configure:3386: result: no
configure:3439: checking for gcc
configure:3465: result: gcc
configure:3709: checking for C compiler version
configure:3712: gcc --version </dev/null >&5
i686-apple-darwin11-llvm-gcc-4.2 (GCC) 4.2.1 (Based on Apple Inc. build 5658) (LLVM build 2336.11.00)
Copyright (C) 2007 Free Software Foundation, Inc.
This is free software; see the source for copying conditions.  There is NO
warranty; not even for MERCHANTABILITY or FITNESS FOR A PARTICULAR PURPOSE.

configure:3715: $? = 0
configure:3717: gcc -v </dev/null >&5
Using built-in specs.
Target: i686-apple-darwin11
Configured with: /private/var/tmp/llvmgcc42/llvmgcc42-2336.11~148/src/configure --disable-checking --enable-werror --prefix=/Applications/Xcode.app/Contents/Developer/usr/llvm-gcc-4.2 --mandir=/share/man --enable-languages=c,objc,c++,obj-c++ --program-prefix=llvm- --program-transform-name=/^[cg][^.-]*$/s/$/-4.2/ --with-slibdir=/usr/lib --build=i686-apple-darwin11 --enable-llvm=/private/var/tmp/llvmgcc42/llvmgcc42-2336.11~148/dst-llvmCore/Developer/usr/local --program-prefix=i686-apple-darwin11- --host=x86_64-apple-darwin11 --target=i686-apple-darwin11 --with-gxx-include-dir=/usr/include/c++/4.2.1
Thread model: posix
gcc version 4.2.1 (Based on Apple Inc. build 5658) (LLVM build 2336.11.00)
configure:3720: $? = 0
configure:3722: gcc -V </dev/null >&5
llvm-gcc-4.2: argument to `-V' is missing
configure:3725: $? = 1
configure:3728: checking whether we are using the GNU C compiler
configure:3784: result: yes
configure:3790: checking whether gcc accepts -g
configure:3841: result: yes
configure:3858: checking for gcc option to accept ANSI C
configure:3965: result: none needed
configure:3983: gcc -c -g -O2  conftest.c >&5
conftest.c:2: error: expected '=', ',', ';', 'asm' or '__attribute__' before 'me'
configure:3989: $? = 1
configure: failed program was:
| #ifndef __cplusplus
|   choke me
| #endif
configure:4124: checking dependency style of gcc
configure:4214: result: none
configure:4304: checking for a sed that does not truncate output
configure:4360: result: /usr/bin/sed
configure:4374: checking for ld used by gcc
configure:4441: result: /usr/llvm-gcc-4.2/libexec/gcc/i686-apple-darwin11/4.2.1/ld
configure:4450: checking if the linker (/usr/llvm-gcc-4.2/libexec/gcc/i686-apple-darwin11/4.2.1/ld) is GNU ld
configure:4465: result: no
configure:4470: checking for /usr/llvm-gcc-4.2/libexec/gcc/i686-apple-darwin11/4.2.1/ld option to reload object files
configure:4477: result: -r
configure:4495: checking for BSD-compatible nm
configure:4544: result: /usr/bin/nm
configure:4548: checking whether ln -s works
configure:4552: result: yes
configure:4559: checking how to recognise dependent libraries
configure:4735: result: pass_all
configure:4966: checking for ANSI C header files
configure:4991: gcc -c -g -O2  conftest.c >&5
configure:4997: $? = 0
configure:5001: test -z 
			 || test ! -s conftest.err
configure:5004: $? = 0
configure:5007: test -s conftest.o
configure:5010: $? = 0
configure:5099: gcc -o conftest -g -O2   conftest.c  >&5
conftest.c: In function 'main':
conftest.c:28: warning: incompatible implicit declaration of built-in function 'exit'
configure:5102: $? = 0
configure:5104: ./conftest
configure:5107: $? = 0
configure:5122: result: yes
configure:5146: checking for sys/types.h
configure:5162: gcc -c -g -O2  conftest.c >&5
configure:5168: $? = 0
configure:5172: test -z 
			 || test ! -s conftest.err
configure:5175: $? = 0
configure:5178: test -s conftest.o
configure:5181: $? = 0
configure:5192: result: yes
configure:5146: checking for sys/stat.h
configure:5162: gcc -c -g -O2  conftest.c >&5
configure:5168: $? = 0
configure:5172: test -z 
			 || test ! -s conftest.err
configure:5175: $? = 0
configure:5178: test -s conftest.o
configure:5181: $? = 0
configure:5192: result: yes
configure:5146: checking for stdlib.h
configure:5162: gcc -c -g -O2  conftest.c >&5
configure:5168: $? = 0
configure:5172: test -z 
			 || test ! -s conftest.err
configure:5175: $? = 0
configure:5178: test -s conftest.o
configure:5181: $? = 0
configure:5192: result: yes
configure:5146: checking for string.h
configure:5162: gcc -c -g -O2  conftest.c >&5
configure:5168: $? = 0
configure:5172: test -z 
			 || test ! -s conftest.err
configure:5175: $? = 0
configure:5178: test -s conftest.o
configure:5181: $? = 0
configure:5192: result: yes
configure:5146: checking for memory.h
configure:5162: gcc -c -g -O2  conftest.c >&5
configure:5168: $? = 0
configure:5172: test -z 
			 || test ! -s conftest.err
configure:5175: $? = 0
configure:5178: test -s conftest.o
configure:5181: $? = 0
configure:5192: result: yes
configure:5146: checking for strings.h
configure:5162: gcc -c -g -O2  conftest.c >&5
configure:5168: $? = 0
configure:5172: test -z 
			 || test ! -s conftest.err
configure:5175: $? = 0
configure:5178: test -s conftest.o
configure:5181: $? = 0
configure:5192: result: yes
configure:5146: checking for inttypes.h
configure:5162: gcc -c -g -O2  conftest.c >&5
configure:5168: $? = 0
configure:5172: test -z 
			 || test ! -s conftest.err
configure:5175: $? = 0
configure:5178: test -s conftest.o
configure:5181: $? = 0
configure:5192: result: yes
configure:5146: checking for stdint.h
configure:5162: gcc -c -g -O2  conftest.c >&5
configure:5168: $? = 0
configure:5172: test -z 
			 || test ! -s conftest.err
configure:5175: $? = 0
configure:5178: test -s conftest.o
configure:5181: $? = 0
configure:5192: result: yes
configure:5146: checking for unistd.h
configure:5162: gcc -c -g -O2  conftest.c >&5
configure:5168: $? = 0
configure:5172: test -z 
			 || test ! -s conftest.err
configure:5175: $? = 0
configure:5178: test -s conftest.o
configure:5181: $? = 0
configure:5192: result: yes
configure:5218: checking dlfcn.h usability
configure:5230: gcc -c -g -O2  conftest.c >&5
configure:5236: $? = 0
configure:5240: test -z 
			 || test ! -s conftest.err
configure:5243: $? = 0
configure:5246: test -s conftest.o
configure:5249: $? = 0
configure:5259: result: yes
configure:5263: checking dlfcn.h presence
configure:5273: gcc -E  conftest.c
configure:5279: $? = 0
configure:5299: result: yes
configure:5334: checking for dlfcn.h
configure:5341: result: yes
configure:5406: checking for g++
configure:5422: found /usr/bin/g++
configure:5432: result: g++
configure:5448: checking for C++ compiler version
configure:5451: g++ --version </dev/null >&5
i686-apple-darwin11-llvm-g++-4.2 (GCC) 4.2.1 (Based on Apple Inc. build 5658) (LLVM build 2336.11.00)
Copyright (C) 2007 Free Software Foundation, Inc.
This is free software; see the source for copying conditions.  There is NO
warranty; not even for MERCHANTABILITY or FITNESS FOR A PARTICULAR PURPOSE.

configure:5454: $? = 0
configure:5456: g++ -v </dev/null >&5
Using built-in specs.
Target: i686-apple-darwin11
Configured with: /private/var/tmp/llvmgcc42/llvmgcc42-2336.11~148/src/configure --disable-checking --enable-werror --prefix=/Applications/Xcode.app/Contents/Developer/usr/llvm-gcc-4.2 --mandir=/share/man --enable-languages=c,objc,c++,obj-c++ --program-prefix=llvm- --program-transform-name=/^[cg][^.-]*$/s/$/-4.2/ --with-slibdir=/usr/lib --build=i686-apple-darwin11 --enable-llvm=/private/var/tmp/llvmgcc42/llvmgcc42-2336.11~148/dst-llvmCore/Developer/usr/local --program-prefix=i686-apple-darwin11- --host=x86_64-apple-darwin11 --target=i686-apple-darwin11 --with-gxx-include-dir=/usr/include/c++/4.2.1
Thread model: posix
gcc version 4.2.1 (Based on Apple Inc. build 5658) (LLVM build 2336.11.00)
configure:5459: $? = 0
configure:5461: g++ -V </dev/null >&5
llvm-g++-4.2: argument to `-V' is missing
configure:5464: $? = 1
configure:5467: checking whether we are using the GNU C++ compiler
configure:5491: g++ -c   conftest.cc >&5
configure:5497: $? = 0
configure:5501: test -z 
			 || test ! -s conftest.err
configure:5504: $? = 0
configure:5507: test -s conftest.o
configure:5510: $? = 0
configure:5523: result: yes
configure:5529: checking whether g++ accepts -g
configure:5550: g++ -c -g  conftest.cc >&5
configure:5556: $? = 0
configure:5560: test -z 
			 || test ! -s conftest.err
configure:5563: $? = 0
configure:5566: test -s conftest.o
configure:5569: $? = 0
configure:5580: result: yes
configure:5622: g++ -c -g -O2  conftest.cc >&5
configure:5628: $? = 0
configure:5632: test -z 
			 || test ! -s conftest.err
configure:5635: $? = 0
configure:5638: test -s conftest.o
configure:5641: $? = 0
configure:5667: g++ -c -g -O2  conftest.cc >&5
conftest.cc: In function 'int main()':
conftest.cc:26: error: 'exit' was not declared in this scope
configure:5673: $? = 1
configure: failed program was:
| /* confdefs.h.  */
| 
| #define PACKAGE_NAME ""
| #define PACKAGE_TARNAME ""
| #define PACKAGE_VERSION ""
| #define PACKAGE_STRING ""
| #define PACKAGE_BUGREPORT ""
| #define PACKAGE "siege"
| #define VERSION "3.0.0"
| #define STDC_HEADERS 1
| #define HAVE_SYS_TYPES_H 1
| #define HAVE_SYS_STAT_H 1
| #define HAVE_STDLIB_H 1
| #define HAVE_STRING_H 1
| #define HAVE_MEMORY_H 1
| #define HAVE_STRINGS_H 1
| #define HAVE_INTTYPES_H 1
| #define HAVE_STDINT_H 1
| #define HAVE_UNISTD_H 1
| #define HAVE_DLFCN_H 1
| /* end confdefs.h.  */
| 
| int
| main ()
| {
| exit (42);
|   ;
|   return 0;
| }
configure:5622: g++ -c -g -O2  conftest.cc >&5
conftest.cc:22: error: 'void std::exit(int)' should have been declared inside 'std'
In file included from conftest.cc:23:
/usr/include/stdlib.h:159: error: declaration of 'void std::exit(int)' throws different exceptions
conftest.cc:22: error: from previous declaration 'void std::exit(int) throw ()'
configure:5628: $? = 1
configure: failed program was:
| /* confdefs.h.  */
| 
| #define PACKAGE_NAME ""
| #define PACKAGE_TARNAME ""
| #define PACKAGE_VERSION ""
| #define PACKAGE_STRING ""
| #define PACKAGE_BUGREPORT ""
| #define PACKAGE "siege"
| #define VERSION "3.0.0"
| #define STDC_HEADERS 1
| #define HAVE_SYS_TYPES_H 1
| #define HAVE_SYS_STAT_H 1
| #define HAVE_STDLIB_H 1
| #define HAVE_STRING_H 1
| #define HAVE_MEMORY_H 1
| #define HAVE_STRINGS_H 1
| #define HAVE_INTTYPES_H 1
| #define HAVE_STDINT_H 1
| #define HAVE_UNISTD_H 1
| #define HAVE_DLFCN_H 1
| /* end confdefs.h.  */
| extern "C" void std::exit (int) throw (); using std::exit;
| #include <stdlib.h>
| int
| main ()
| {
| exit (42);
|   ;
|   return 0;
| }
configure:5622: g++ -c -g -O2  conftest.cc >&5
conftest.cc:22: error: 'void std::exit(int)' should have been declared inside 'std'
configure:5628: $? = 1
configure: failed program was:
| /* confdefs.h.  */
| 
| #define PACKAGE_NAME ""
| #define PACKAGE_TARNAME ""
| #define PACKAGE_VERSION ""
| #define PACKAGE_STRING ""
| #define PACKAGE_BUGREPORT ""
| #define PACKAGE "siege"
| #define VERSION "3.0.0"
| #define STDC_HEADERS 1
| #define HAVE_SYS_TYPES_H 1
| #define HAVE_SYS_STAT_H 1
| #define HAVE_STDLIB_H 1
| #define HAVE_STRING_H 1
| #define HAVE_MEMORY_H 1
| #define HAVE_STRINGS_H 1
| #define HAVE_INTTYPES_H 1
| #define HAVE_STDINT_H 1
| #define HAVE_UNISTD_H 1
| #define HAVE_DLFCN_H 1
| /* end confdefs.h.  */
| extern "C" void std::exit (int); using std::exit;
| #include <stdlib.h>
| int
| main ()
| {
| exit (42);
|   ;
|   return 0;
| }
configure:5622: g++ -c -g -O2  conftest.cc >&5
In file included from conftest.cc:23:
/usr/include/stdlib.h:159: error: declaration of 'void exit(int)' throws different exceptions
conftest.cc:22: error: from previous declaration 'void exit(int) throw ()'
configure:5628: $? = 1
configure: failed program was:
| /* confdefs.h.  */
| 
| #define PACKAGE_NAME ""
| #define PACKAGE_TARNAME ""
| #define PACKAGE_VERSION ""
| #define PACKAGE_STRING ""
| #define PACKAGE_BUGREPORT ""
| #define PACKAGE "siege"
| #define VERSION "3.0.0"
| #define STDC_HEADERS 1
| #define HAVE_SYS_TYPES_H 1
| #define HAVE_SYS_STAT_H 1
| #define HAVE_STDLIB_H 1
| #define HAVE_STRING_H 1
| #define HAVE_MEMORY_H 1
| #define HAVE_STRINGS_H 1
| #define HAVE_INTTYPES_H 1
| #define HAVE_STDINT_H 1
| #define HAVE_UNISTD_H 1
| #define HAVE_DLFCN_H 1
| /* end confdefs.h.  */
| extern "C" void exit (int) throw ();
| #include <stdlib.h>
| int
| main ()
| {
| exit (42);
|   ;
|   return 0;
| }
configure:5622: g++ -c -g -O2  conftest.cc >&5
configure:5628: $? = 0
configure:5632: test -z 
			 || test ! -s conftest.err
configure:5635: $? = 0
configure:5638: test -s conftest.o
configure:5641: $? = 0
configure:5667: g++ -c -g -O2  conftest.cc >&5
configure:5673: $? = 0
configure:5677: test -z 
			 || test ! -s conftest.err
configure:5680: $? = 0
configure:5683: test -s conftest.o
configure:5686: $? = 0
configure:5711: checking dependency style of g++
configure:5801: result: none
configure:5828: checking how to run the C++ preprocessor
configure:5859: g++ -E  conftest.cc
configure:5865: $? = 0
configure:5897: g++ -E  conftest.cc
conftest.cc:25:28: error: ac_nonexistent.h: No such file or directory
configure:5903: $? = 1
configure: failed program was:
| /* confdefs.h.  */
| 
| #define PACKAGE_NAME ""
| #define PACKAGE_TARNAME ""
| #define PACKAGE_VERSION ""
| #define PACKAGE_STRING ""
| #define PACKAGE_BUGREPORT ""
| #define PACKAGE "siege"
| #define VERSION "3.0.0"
| #define STDC_HEADERS 1
| #define HAVE_SYS_TYPES_H 1
| #define HAVE_SYS_STAT_H 1
| #define HAVE_STDLIB_H 1
| #define HAVE_STRING_H 1
| #define HAVE_MEMORY_H 1
| #define HAVE_STRINGS_H 1
| #define HAVE_INTTYPES_H 1
| #define HAVE_STDINT_H 1
| #define HAVE_UNISTD_H 1
| #define HAVE_DLFCN_H 1
| #ifdef __cplusplus
| extern "C" void exit (int);
| #endif
| /* end confdefs.h.  */
| #include <ac_nonexistent.h>
configure:5942: result: g++ -E
configure:5966: g++ -E  conftest.cc
configure:5972: $? = 0
configure:6004: g++ -E  conftest.cc
conftest.cc:25:28: error: ac_nonexistent.h: No such file or directory
configure:6010: $? = 1
configure: failed program was:
| /* confdefs.h.  */
| 
| #define PACKAGE_NAME ""
| #define PACKAGE_TARNAME ""
| #define PACKAGE_VERSION ""
| #define PACKAGE_STRING ""
| #define PACKAGE_BUGREPORT ""
| #define PACKAGE "siege"
| #define VERSION "3.0.0"
| #define STDC_HEADERS 1
| #define HAVE_SYS_TYPES_H 1
| #define HAVE_SYS_STAT_H 1
| #define HAVE_STDLIB_H 1
| #define HAVE_STRING_H 1
| #define HAVE_MEMORY_H 1
| #define HAVE_STRINGS_H 1
| #define HAVE_INTTYPES_H 1
| #define HAVE_STDINT_H 1
| #define HAVE_UNISTD_H 1
| #define HAVE_DLFCN_H 1
| #ifdef __cplusplus
| extern "C" void exit (int);
| #endif
| /* end confdefs.h.  */
| #include <ac_nonexistent.h>
configure:6107: checking for g77
configure:6136: result: no
configure:6107: checking for f77
configure:6136: result: no
configure:6107: checking for xlf
configure:6136: result: no
configure:6107: checking for frt
configure:6136: result: no
configure:6107: checking for pgf77
configure:6136: result: no
configure:6107: checking for fort77
configure:6136: result: no
configure:6107: checking for fl32
configure:6136: result: no
configure:6107: checking for af77
configure:6136: result: no
configure:6107: checking for f90
configure:6136: result: no
configure:6107: checking for xlf90
configure:6136: result: no
configure:6107: checking for pgf90
configure:6136: result: no
configure:6107: checking for epcf90
configure:6136: result: no
configure:6107: checking for f95
configure:6136: result: no
configure:6107: checking for fort
configure:6136: result: no
configure:6107: checking for xlf95
configure:6136: result: no
configure:6107: checking for ifc
configure:6136: result: no
configure:6107: checking for efc
configure:6136: result: no
configure:6107: checking for pgf95
configure:6136: result: no
configure:6107: checking for lf95
configure:6136: result: no
configure:6107: checking for gfortran
configure:6136: result: no
configure:6148: checking for Fortran 77 compiler version
configure:6151:  --version </dev/null >&5
./configure: line 6152: --version: command not found
configure:6154: $? = 127
configure:6156:  -v </dev/null >&5
./configure: line 6157: -v: command not found
configure:6159: $? = 127
configure:6161:  -V </dev/null >&5
./configure: line 6162: -V: command not found
configure:6164: $? = 127
configure:6172: checking whether we are using the GNU Fortran 77 compiler
configure:6186:  -c  conftest.F >&5
./configure: line 6187: -c: command not found
configure:6192: $? = 127
configure: failed program was:
|       program main
| #ifndef __GNUC__
|        choke me
| #endif
| 
|       end
configure:6218: result: no
configure:6224: checking whether  accepts -g
configure:6236:  -c -g conftest.f >&5
./configure: line 6237: -c: command not found
configure:6242: $? = 127
configure: failed program was:
|       program main
| 
|       end
configure:6267: result: no
configure:6297: checking the maximum length of command line arguments
configure:6406: result: 196608
configure:6417: checking command to parse /usr/bin/nm output from gcc object
configure:6522: gcc -c -g -O2  conftest.c >&5
configure:6525: $? = 0
configure:6529: /usr/bin/nm conftest.o \| sed -n -e 's/^.*[ 	]\([BCDEGRST][BCDEGRST]*\)[ 	][ 	]*\([_A-Za-z][_A-Za-z0-9]*\)$/\1 \2 \2/p' \> conftest.nm
configure:6532: $? = 0
cannot find nm_test_var in conftest.nm
configure:6522: gcc -c -g -O2  conftest.c >&5
configure:6525: $? = 0
configure:6529: /usr/bin/nm conftest.o \| sed -n -e 's/^.*[ 	]\([BCDEGRST][BCDEGRST]*\)[ 	][ 	]*_\([_A-Za-z][_A-Za-z0-9]*\)$/\1 _\2 \2/p' \> conftest.nm
configure:6532: $? = 0
configure:6584: gcc -o conftest -g -O2   conftest.c conftstm.o >&5
configure:6587: $? = 0
configure:6625: result: ok
configure:6629: checking for objdir
configure:6644: result: .libs
configure:6734: checking for ar
configure:6750: found /usr/bin/ar
configure:6761: result: ar
configure:6814: checking for ranlib
configure:6830: found /usr/bin/ranlib
configure:6841: result: ranlib
configure:6894: checking for strip
configure:6910: found /usr/bin/strip
configure:6921: result: strip
configure:7197: checking if gcc supports -fno-rtti -fno-exceptions
configure:7215: gcc -c -g -O2  -fno-rtti -fno-exceptions conftest.c >&5
cc1: warning: command line option "-fno-rtti" is valid for C++/ObjC++ but not for C
configure:7219: $? = 0
configure:7232: result: no
configure:7247: checking for gcc option to produce PIC
configure:7457: result: -fno-common
configure:7465: checking if gcc PIC flag -fno-common works
configure:7483: gcc -c -g -O2  -fno-common -DPIC conftest.c >&5
configure:7487: $? = 0
configure:7500: result: yes
configure:7528: checking if gcc static flag -static works
configure:7556: result: no
configure:7566: checking if gcc supports -c -o file.o
configure:7587: gcc -c -g -O2  -o out/conftest2.o conftest.c >&5
configure:7591: $? = 0
configure:7613: result: yes
configure:7639: checking whether the gcc linker (/usr/llvm-gcc-4.2/libexec/gcc/i686-apple-darwin11/4.2.1/ld) supports shared libraries
configure:8597: result: yes
configure:8664: checking dynamic linker characteristics
configure:9273: result: darwin12.3.0 dyld
configure:9282: checking how to hardcode library paths into programs
configure:9307: result: immediate
configure:9321: checking whether stripping libraries is possible
configure:9334: result: yes
configure:10160: checking if libtool supports shared libraries
configure:10162: result: yes
configure:10165: checking whether to build shared libraries
configure:10186: result: yes
configure:10189: checking whether to build static libraries
configure:10193: result: yes
configure:10285: creating libtool
configure:10876: checking for ld used by g++
configure:10943: result: /usr/llvm-gcc-4.2/libexec/gcc/i686-apple-darwin11/4.2.1/ld
configure:10952: checking if the linker (/usr/llvm-gcc-4.2/libexec/gcc/i686-apple-darwin11/4.2.1/ld) is GNU ld
configure:10967: result: no
configure:11018: checking whether the g++ linker (/usr/llvm-gcc-4.2/libexec/gcc/i686-apple-darwin11/4.2.1/ld) supports shared libraries
configure:11956: result: yes
configure:11978: g++ -c -g -O2  conftest.cpp >&5
configure:11981: $? = 0
configure:12100: checking for g++ option to produce PIC
configure:12374: result: -fno-common
configure:12382: checking if g++ PIC flag -fno-common works
configure:12400: g++ -c -g -O2  -fno-common -DPIC conftest.cpp >&5
configure:12404: $? = 0
configure:12417: result: yes
configure:12445: checking if g++ static flag -static works
configure:12473: result: no
configure:12483: checking if g++ supports -c -o file.o
configure:12504: g++ -c -g -O2  -o out/conftest2.o conftest.cpp >&5
configure:12508: $? = 0
configure:12530: result: yes
configure:12556: checking whether the g++ linker (/usr/llvm-gcc-4.2/libexec/gcc/i686-apple-darwin11/4.2.1/ld) supports shared libraries
configure:12581: result: yes
configure:12648: checking dynamic linker characteristics
configure:13257: result: darwin12.3.0 dyld
configure:13266: checking how to hardcode library paths into programs
configure:13291: result: immediate
configure:19502: checking for perl
configure:19520: found /usr/bin/perl
configure:19533: result: /usr/bin/perl
configure:19540: checking for a POSIX-compliant shell
configure:19576: result: /bin/sh
configure:19585: checking whether make sets $(MAKE)
configure:19605: result: yes
configure:19627: checking for a BSD-compatible install
configure:19682: result: /usr/bin/install -c
configure:19751: checking for buggy pthread mutex initializers
configure:19770: gcc -c -g -O2 -W -Wall -Werror -Wunused-value  conftest.c >&5
configure:19776: $? = 0
configure:19780: test -z 
			 || test ! -s conftest.err
configure:19783: $? = 0
configure:19786: test -s conftest.o
configure:19789: $? = 0
configure:19802: result: no
configure:19813: checking for dlopen() in -ldld
configure:19833: gcc -o conftest -g -O2   conftest.c  -ldld >&5
ld: library not found for -ldld
collect2: ld returned 1 exit status
configure:19839: $? = 1
configure: failed program was:
| /* confdefs.h.  */
| 
| #define PACKAGE_NAME ""
| #define PACKAGE_TARNAME ""
| #define PACKAGE_VERSION ""
| #define PACKAGE_STRING ""
| #define PACKAGE_BUGREPORT ""
| #define PACKAGE "siege"
| #define VERSION "3.0.0"
| #define STDC_HEADERS 1
| #define HAVE_SYS_TYPES_H 1
| #define HAVE_SYS_STAT_H 1
| #define HAVE_STDLIB_H 1
| #define HAVE_STRING_H 1
| #define HAVE_MEMORY_H 1
| #define HAVE_STRINGS_H 1
| #define HAVE_INTTYPES_H 1
| #define HAVE_STDINT_H 1
| #define HAVE_UNISTD_H 1
| #define HAVE_DLFCN_H 1
| #ifdef __cplusplus
| extern "C" void exit (int);
| #endif
| /* end confdefs.h.  */
| 
| int
| main ()
| {
|  extern void* dlopen(); dlopen();
|   ;
|   return 0;
| }
configure:19867: result: no
configure:19875: checking for dlopen() in -ldl
configure:19895: gcc -o conftest -g -O2   conftest.c  -ldl >&5
configure:19901: $? = 0
configure:19905: test -z 
			 || test ! -s conftest.err
configure:19908: $? = 0
configure:19911: test -s conftest
configure:19914: $? = 0
configure:19916: result: yes
configure:19934: checking for random device
configure:19942: result: yes
configure:19974: result: checking for ssl support... yes
configure:19997: checking off/include/openssl/opensslv.h usability
configure:20009: gcc -c -g -O2  conftest.c >&5
conftest.c:60:42: error: off/include/openssl/opensslv.h: No such file or directory
configure:20015: $? = 1
configure: failed program was:
| /* confdefs.h.  */
| 
| #define PACKAGE_NAME ""
| #define PACKAGE_TARNAME ""
| #define PACKAGE_VERSION ""
| #define PACKAGE_STRING ""
| #define PACKAGE_BUGREPORT ""
| #define PACKAGE "siege"
| #define VERSION "3.0.0"
| #define STDC_HEADERS 1
| #define HAVE_SYS_TYPES_H 1
| #define HAVE_SYS_STAT_H 1
| #define HAVE_STDLIB_H 1
| #define HAVE_STRING_H 1
| #define HAVE_MEMORY_H 1
| #define HAVE_STRINGS_H 1
| #define HAVE_INTTYPES_H 1
| #define HAVE_STDINT_H 1
| #define HAVE_UNISTD_H 1
| #define HAVE_DLFCN_H 1
| #ifdef __cplusplus
| extern "C" void exit (int);
| #endif
| #define HAVE_DEV_RANDOM 1
| /* end confdefs.h.  */
| #include <stdio.h>
| #if HAVE_SYS_TYPES_H
| # include <sys/types.h>
| #endif
| #if HAVE_SYS_STAT_H
| # include <sys/stat.h>
| #endif
| #if STDC_HEADERS
| # include <stdlib.h>
| # include <stddef.h>
| #else
| # if HAVE_STDLIB_H
| #  include <stdlib.h>
| # endif
| #endif
| #if HAVE_STRING_H
| # if !STDC_HEADERS && HAVE_MEMORY_H
| #  include <memory.h>
| # endif
| # include <string.h>
| #endif
| #if HAVE_STRINGS_H
| # include <strings.h>
| #endif
| #if HAVE_INTTYPES_H
| # include <inttypes.h>
| #else
| # if HAVE_STDINT_H
| #  include <stdint.h>
| # endif
| #endif
| #if HAVE_UNISTD_H
| # include <unistd.h>
| #endif
| #include <off/include/openssl/opensslv.h>
configure:20038: result: no
configure:20042: checking off/include/openssl/opensslv.h presence
configure:20052: gcc -E  conftest.c
conftest.c:26:42: error: off/include/openssl/opensslv.h: No such file or directory
configure:20058: $? = 1
configure: failed program was:
| /* confdefs.h.  */
| 
| #define PACKAGE_NAME ""
| #define PACKAGE_TARNAME ""
| #define PACKAGE_VERSION ""
| #define PACKAGE_STRING ""
| #define PACKAGE_BUGREPORT ""
| #define PACKAGE "siege"
| #define VERSION "3.0.0"
| #define STDC_HEADERS 1
| #define HAVE_SYS_TYPES_H 1
| #define HAVE_SYS_STAT_H 1
| #define HAVE_STDLIB_H 1
| #define HAVE_STRING_H 1
| #define HAVE_MEMORY_H 1
| #define HAVE_STRINGS_H 1
| #define HAVE_INTTYPES_H 1
| #define HAVE_STDINT_H 1
| #define HAVE_UNISTD_H 1
| #define HAVE_DLFCN_H 1
| #ifdef __cplusplus
| extern "C" void exit (int);
| #endif
| #define HAVE_DEV_RANDOM 1
| /* end confdefs.h.  */
| #include <off/include/openssl/opensslv.h>
configure:20078: result: no
configure:20113: checking for off/include/openssl/opensslv.h
configure:20120: result: no
configure:20151: checking /usr/include/openssl/opensslv.h usability
configure:20163: gcc -c -g -O2  conftest.c >&5
configure:20169: $? = 0
configure:20173: test -z 
			 || test ! -s conftest.err
configure:20176: $? = 0
configure:20179: test -s conftest.o
configure:20182: $? = 0
configure:20192: result: yes
configure:20196: checking /usr/include/openssl/opensslv.h presence
configure:20206: gcc -E  conftest.c
configure:20212: $? = 0
configure:20232: result: yes
configure:20267: checking for /usr/include/openssl/opensslv.h
configure:20274: result: yes
configure:20294: checking for OpenSSL version
configure:20314: result: >= 0.9.8 (appropriate flag set)
configure:20385: checking for ANSI C header files
configure:20541: result: yes
configure:20551: checking for sys/wait.h that is POSIX.1 compatible
configure:20582: gcc -c -g -O2 -I/usr/include/openssl -I/usr/include conftest.c >&5
configure:20588: $? = 0
configure:20592: test -z 
			 || test ! -s conftest.err
configure:20595: $? = 0
configure:20598: test -s conftest.o
configure:20601: $? = 0
configure:20612: result: yes
configure:20636: checking fcntl.h usability
configure:20648: gcc -c -g -O2 -I/usr/include/openssl -I/usr/include conftest.c >&5
configure:20654: $? = 0
configure:20658: test -z 
			 || test ! -s conftest.err
configure:20661: $? = 0
configure:20664: test -s conftest.o
configure:20667: $? = 0
configure:20677: result: yes
configure:20681: checking fcntl.h presence
configure:20691: gcc -E -I/usr/include/openssl -I/usr/include conftest.c
configure:20697: $? = 0
configure:20717: result: yes
configure:20752: checking for fcntl.h
configure:20759: result: yes
configure:20786: checking limits.h usability
configure:20798: gcc -c -g -O2 -I/usr/include/openssl -I/usr/include conftest.c >&5
configure:20804: $? = 0
configure:20808: test -z 
			 || test ! -s conftest.err
configure:20811: $? = 0
configure:20814: test -s conftest.o
configure:20817: $? = 0
configure:20827: result: yes
configure:20831: checking limits.h presence
configure:20841: gcc -E -I/usr/include/openssl -I/usr/include conftest.c
configure:20847: $? = 0
configure:20867: result: yes
configure:20902: checking for limits.h
configure:20909: result: yes
configure:20927: checking for unistd.h
configure:20932: result: yes
configure:21086: checking signal.h usability
configure:21098: gcc -c -g -O2 -I/usr/include/openssl -I/usr/include conftest.c >&5
configure:21104: $? = 0
configure:21108: test -z 
			 || test ! -s conftest.err
configure:21111: $? = 0
configure:21114: test -s conftest.o
configure:21117: $? = 0
configure:21127: result: yes
configure:21131: checking signal.h presence
configure:21141: gcc -E -I/usr/include/openssl -I/usr/include conftest.c
configure:21147: $? = 0
configure:21167: result: yes
configure:21202: checking for signal.h
configure:21209: result: yes
configure:21236: checking sys/socket.h usability
configure:21248: gcc -c -g -O2 -I/usr/include/openssl -I/usr/include conftest.c >&5
configure:21254: $? = 0
configure:21258: test -z 
			 || test ! -s conftest.err
configure:21261: $? = 0
configure:21264: test -s conftest.o
configure:21267: $? = 0
configure:21277: result: yes
configure:21281: checking sys/socket.h presence
configure:21291: gcc -E -I/usr/include/openssl -I/usr/include conftest.c
configure:21297: $? = 0
configure:21317: result: yes
configure:21352: checking for sys/socket.h
configure:21359: result: yes
configure:21386: checking sys/select.h usability
configure:21398: gcc -c -g -O2 -I/usr/include/openssl -I/usr/include conftest.c >&5
configure:21404: $? = 0
configure:21408: test -z 
			 || test ! -s conftest.err
configure:21411: $? = 0
configure:21414: test -s conftest.o
configure:21417: $? = 0
configure:21427: result: yes
configure:21431: checking sys/select.h presence
configure:21441: gcc -E -I/usr/include/openssl -I/usr/include conftest.c
configure:21447: $? = 0
configure:21467: result: yes
configure:21502: checking for sys/select.h
configure:21509: result: yes
configure:21537: checking sys/time.h usability
configure:21549: gcc -c -g -O2 -I/usr/include/openssl -I/usr/include conftest.c >&5
configure:21555: $? = 0
configure:21559: test -z 
			 || test ! -s conftest.err
configure:21562: $? = 0
configure:21565: test -s conftest.o
configure:21568: $? = 0
configure:21578: result: yes
configure:21582: checking sys/time.h presence
configure:21592: gcc -E -I/usr/include/openssl -I/usr/include conftest.c
configure:21598: $? = 0
configure:21618: result: yes
configure:21653: checking for sys/time.h
configure:21660: result: yes
configure:21537: checking sys/times.h usability
configure:21549: gcc -c -g -O2 -I/usr/include/openssl -I/usr/include conftest.c >&5
configure:21555: $? = 0
configure:21559: test -z 
			 || test ! -s conftest.err
configure:21562: $? = 0
configure:21565: test -s conftest.o
configure:21568: $? = 0
configure:21578: result: yes
configure:21582: checking sys/times.h presence
configure:21592: gcc -E -I/usr/include/openssl -I/usr/include conftest.c
configure:21598: $? = 0
configure:21618: result: yes
configure:21653: checking for sys/times.h
configure:21660: result: yes
configure:21687: checking sys/resource.h usability
configure:21699: gcc -c -g -O2 -I/usr/include/openssl -I/usr/include conftest.c >&5
configure:21705: $? = 0
configure:21709: test -z 
			 || test ! -s conftest.err
configure:21712: $? = 0
configure:21715: test -s conftest.o
configure:21718: $? = 0
configure:21728: result: yes
configure:21732: checking sys/resource.h presence
configure:21742: gcc -E -I/usr/include/openssl -I/usr/include conftest.c
configure:21748: $? = 0
configure:21768: result: yes
configure:21803: checking for sys/resource.h
configure:21810: result: yes
configure:21837: checking errno.h usability
configure:21849: gcc -c -g -O2 -I/usr/include/openssl -I/usr/include conftest.c >&5
configure:21855: $? = 0
configure:21859: test -z 
			 || test ! -s conftest.err
configure:21862: $? = 0
configure:21865: test -s conftest.o
configure:21868: $? = 0
configure:21878: result: yes
configure:21882: checking errno.h presence
configure:21892: gcc -E -I/usr/include/openssl -I/usr/include conftest.c
configure:21898: $? = 0
configure:21918: result: yes
configure:21953: checking for errno.h
configure:21960: result: yes
configure:21987: checking arpa/inet.h usability
configure:21999: gcc -c -g -O2 -I/usr/include/openssl -I/usr/include conftest.c >&5
configure:22005: $? = 0
configure:22009: test -z 
			 || test ! -s conftest.err
configure:22012: $? = 0
configure:22015: test -s conftest.o
configure:22018: $? = 0
configure:22028: result: yes
configure:22032: checking arpa/inet.h presence
configure:22042: gcc -E -I/usr/include/openssl -I/usr/include conftest.c
configure:22048: $? = 0
configure:22068: result: yes
configure:22103: checking for arpa/inet.h
configure:22110: result: yes
configure:22137: checking netinet/in.h usability
configure:22149: gcc -c -g -O2 -I/usr/include/openssl -I/usr/include conftest.c >&5
configure:22155: $? = 0
configure:22159: test -z 
			 || test ! -s conftest.err
configure:22162: $? = 0
configure:22165: test -s conftest.o
configure:22168: $? = 0
configure:22178: result: yes
configure:22182: checking netinet/in.h presence
configure:22192: gcc -E -I/usr/include/openssl -I/usr/include conftest.c
configure:22198: $? = 0
configure:22218: result: yes
configure:22253: checking for netinet/in.h
configure:22260: result: yes
configure:22287: checking netdb.h usability
configure:22299: gcc -c -g -O2 -I/usr/include/openssl -I/usr/include conftest.c >&5
configure:22305: $? = 0
configure:22309: test -z 
			 || test ! -s conftest.err
configure:22312: $? = 0
configure:22315: test -s conftest.o
configure:22318: $? = 0
configure:22328: result: yes
configure:22332: checking netdb.h presence
configure:22342: gcc -E -I/usr/include/openssl -I/usr/include conftest.c
configure:22348: $? = 0
configure:22368: result: yes
configure:22403: checking for netdb.h
configure:22410: result: yes
configure:22437: checking pthread.h usability
configure:22449: gcc -c -g -O2 -I/usr/include/openssl -I/usr/include conftest.c >&5
configure:22455: $? = 0
configure:22459: test -z 
			 || test ! -s conftest.err
configure:22462: $? = 0
configure:22465: test -s conftest.o
configure:22468: $? = 0
configure:22478: result: yes
configure:22482: checking pthread.h presence
configure:22492: gcc -E -I/usr/include/openssl -I/usr/include conftest.c
configure:22498: $? = 0
configure:22518: result: yes
configure:22553: checking for pthread.h
configure:22560: result: yes
configure:22578: checking for string.h
configure:22583: result: yes
configure:22728: checking for strings.h
configure:22733: result: yes
configure:22887: checking sched.h usability
configure:22899: gcc -c -g -O2 -I/usr/include/openssl -I/usr/include conftest.c >&5
configure:22905: $? = 0
configure:22909: test -z 
			 || test ! -s conftest.err
configure:22912: $? = 0
configure:22915: test -s conftest.o
configure:22918: $? = 0
configure:22928: result: yes
configure:22932: checking sched.h presence
configure:22942: gcc -E -I/usr/include/openssl -I/usr/include conftest.c
configure:22948: $? = 0
configure:22968: result: yes
configure:23003: checking for sched.h
configure:23010: result: yes
configure:23037: checking openssl/e_os.h usability
configure:23049: gcc -c -g -O2 -I/usr/include/openssl -I/usr/include conftest.c >&5
conftest.c:81:26: error: openssl/e_os.h: No such file or directory
configure:23055: $? = 1
configure: failed program was:
| /* confdefs.h.  */
| 
| #define PACKAGE_NAME ""
| #define PACKAGE_TARNAME ""
| #define PACKAGE_VERSION ""
| #define PACKAGE_STRING ""
| #define PACKAGE_BUGREPORT ""
| #define PACKAGE "siege"
| #define VERSION "3.0.0"
| #define STDC_HEADERS 1
| #define HAVE_SYS_TYPES_H 1
| #define HAVE_SYS_STAT_H 1
| #define HAVE_STDLIB_H 1
| #define HAVE_STRING_H 1
| #define HAVE_MEMORY_H 1
| #define HAVE_STRINGS_H 1
| #define HAVE_INTTYPES_H 1
| #define HAVE_STDINT_H 1
| #define HAVE_UNISTD_H 1
| #define HAVE_DLFCN_H 1
| #ifdef __cplusplus
| extern "C" void exit (int);
| #endif
| #define HAVE_DEV_RANDOM 1
| #define HAVE__USR_INCLUDE_OPENSSL_OPENSSLV_H 1
| #define HAVE_SSL 1
| #define STDC_HEADERS 1
| #define HAVE_SYS_WAIT_H 1
| #define HAVE_FCNTL_H 1
| #define HAVE_LIMITS_H 1
| #define HAVE_UNISTD_H 1
| #define HAVE_SIGNAL_H 1
| #define HAVE_SYS_SOCKET_H 1
| #define HAVE_SYS_SELECT_H 1
| #define HAVE_SYS_TIME_H 1
| #define HAVE_SYS_TIMES_H 1
| #define HAVE_SYS_RESOURCE_H 1
| #define HAVE_ERRNO_H 1
| #define HAVE_ARPA_INET_H 1
| #define HAVE_NETINET_IN_H 1
| #define HAVE_NETDB_H 1
| #define HAVE_PTHREAD_H 1
| #define HAVE_STRING_H 1
| #define HAVE_STRINGS_H 1
| #define HAVE_SCHED_H 1
| /* end confdefs.h.  */
| #include <stdio.h>
| #if HAVE_SYS_TYPES_H
| # include <sys/types.h>
| #endif
| #if HAVE_SYS_STAT_H
| # include <sys/stat.h>
| #endif
| #if STDC_HEADERS
| # include <stdlib.h>
| # include <stddef.h>
| #else
| # if HAVE_STDLIB_H
| #  include <stdlib.h>
| # endif
| #endif
| #if HAVE_STRING_H
| # if !STDC_HEADERS && HAVE_MEMORY_H
| #  include <memory.h>
| # endif
| # include <string.h>
| #endif
| #if HAVE_STRINGS_H
| # include <strings.h>
| #endif
| #if HAVE_INTTYPES_H
| # include <inttypes.h>
| #else
| # if HAVE_STDINT_H
| #  include <stdint.h>
| # endif
| #endif
| #if HAVE_UNISTD_H
| # include <unistd.h>
| #endif
| #include <openssl/e_os.h>
configure:23078: result: no
configure:23082: checking openssl/e_os.h presence
configure:23092: gcc -E -I/usr/include/openssl -I/usr/include conftest.c
conftest.c:47:26: error: openssl/e_os.h: No such file or directory
configure:23098: $? = 1
configure: failed program was:
| /* confdefs.h.  */
| 
| #define PACKAGE_NAME ""
| #define PACKAGE_TARNAME ""
| #define PACKAGE_VERSION ""
| #define PACKAGE_STRING ""
| #define PACKAGE_BUGREPORT ""
| #define PACKAGE "siege"
| #define VERSION "3.0.0"
| #define STDC_HEADERS 1
| #define HAVE_SYS_TYPES_H 1
| #define HAVE_SYS_STAT_H 1
| #define HAVE_STDLIB_H 1
| #define HAVE_STRING_H 1
| #define HAVE_MEMORY_H 1
| #define HAVE_STRINGS_H 1
| #define HAVE_INTTYPES_H 1
| #define HAVE_STDINT_H 1
| #define HAVE_UNISTD_H 1
| #define HAVE_DLFCN_H 1
| #ifdef __cplusplus
| extern "C" void exit (int);
| #endif
| #define HAVE_DEV_RANDOM 1
| #define HAVE__USR_INCLUDE_OPENSSL_OPENSSLV_H 1
| #define HAVE_SSL 1
| #define STDC_HEADERS 1
| #define HAVE_SYS_WAIT_H 1
| #define HAVE_FCNTL_H 1
| #define HAVE_LIMITS_H 1
| #define HAVE_UNISTD_H 1
| #define HAVE_SIGNAL_H 1
| #define HAVE_SYS_SOCKET_H 1
| #define HAVE_SYS_SELECT_H 1
| #define HAVE_SYS_TIME_H 1
| #define HAVE_SYS_TIMES_H 1
| #define HAVE_SYS_RESOURCE_H 1
| #define HAVE_ERRNO_H 1
| #define HAVE_ARPA_INET_H 1
| #define HAVE_NETINET_IN_H 1
| #define HAVE_NETDB_H 1
| #define HAVE_PTHREAD_H 1
| #define HAVE_STRING_H 1
| #define HAVE_STRINGS_H 1
| #define HAVE_SCHED_H 1
| /* end confdefs.h.  */
| #include <openssl/e_os.h>
configure:23118: result: no
configure:23153: checking for openssl/e_os.h
configure:23160: result: no
configure:23187: checking openssl/e_os2.h usability
configure:23199: gcc -c -g -O2 -I/usr/include/openssl -I/usr/include conftest.c >&5
configure:23205: $? = 0
configure:23209: test -z 
			 || test ! -s conftest.err
configure:23212: $? = 0
configure:23215: test -s conftest.o
configure:23218: $? = 0
configure:23228: result: yes
configure:23232: checking openssl/e_os2.h presence
configure:23242: gcc -E -I/usr/include/openssl -I/usr/include conftest.c
configure:23248: $? = 0
configure:23268: result: yes
configure:23303: checking for openssl/e_os2.h
configure:23310: result: yes
configure:23324: checking for an ANSI C-conforming const
configure:23391: gcc -c -g -O2 -I/usr/include/openssl -I/usr/include conftest.c >&5
configure:23397: $? = 0
configure:23401: test -z 
			 || test ! -s conftest.err
configure:23404: $? = 0
configure:23407: test -s conftest.o
configure:23410: $? = 0
configure:23421: result: yes
configure:23431: checking for size_t
configure:23455: gcc -c -g -O2 -I/usr/include/openssl -I/usr/include conftest.c >&5
configure:23461: $? = 0
configure:23465: test -z 
			 || test ! -s conftest.err
configure:23468: $? = 0
configure:23471: test -s conftest.o
configure:23474: $? = 0
configure:23485: result: yes
configure:23497: checking whether time.h and sys/time.h may both be included
configure:23522: gcc -c -g -O2 -I/usr/include/openssl -I/usr/include conftest.c >&5
configure:23528: $? = 0
configure:23532: test -z 
			 || test ! -s conftest.err
configure:23535: $? = 0
configure:23538: test -s conftest.o
configure:23541: $? = 0
configure:23552: result: yes
configure:23563: checking return type of signal handlers
configure:23594: gcc -c -g -O2 -I/usr/include/openssl -I/usr/include conftest.c >&5
configure:23600: $? = 0
configure:23604: test -z 
			 || test ! -s conftest.err
configure:23607: $? = 0
configure:23610: test -s conftest.o
configure:23613: $? = 0
configure:23624: result: void
configure:23635: checking for working alloca.h
configure:23656: gcc -o conftest -g -O2 -I/usr/include/openssl -I/usr/include  conftest.c  >&5
configure:23662: $? = 0
configure:23666: test -z 
			 || test ! -s conftest.err
configure:23669: $? = 0
configure:23672: test -s conftest
configure:23675: $? = 0
configure:23687: result: yes
configure:23697: checking for alloca
configure:23738: gcc -o conftest -g -O2 -I/usr/include/openssl -I/usr/include  conftest.c  >&5
configure:23744: $? = 0
configure:23748: test -z 
			 || test ! -s conftest.err
configure:23751: $? = 0
configure:23754: test -s conftest
configure:23757: $? = 0
configure:23769: result: yes
configure:24000: checking for strchr
configure:24057: gcc -o conftest -g -O2 -I/usr/include/openssl -I/usr/include  conftest.c  >&5
conftest.c:76: warning: conflicting types for built-in function 'strchr'
configure:24063: $? = 0
configure:24067: test -z 
			 || test ! -s conftest.err
configure:24070: $? = 0
configure:24073: test -s conftest
configure:24076: $? = 0
configure:24088: result: yes
configure:24000: checking for memcpy
configure:24057: gcc -o conftest -g -O2 -I/usr/include/openssl -I/usr/include  conftest.c  >&5
conftest.c:77: warning: conflicting types for built-in function 'memcpy'
configure:24063: $? = 0
configure:24067: test -z 
			 || test ! -s conftest.err
configure:24070: $? = 0
configure:24073: test -s conftest
configure:24076: $? = 0
configure:24088: result: yes
configure:24000: checking for strncpy
configure:24057: gcc -o conftest -g -O2 -I/usr/include/openssl -I/usr/include  conftest.c  >&5
conftest.c:78: warning: conflicting types for built-in function 'strncpy'
configure:24063: $? = 0
configure:24067: test -z 
			 || test ! -s conftest.err
configure:24070: $? = 0
configure:24073: test -s conftest
configure:24076: $? = 0
configure:24088: result: yes
configure:24000: checking for strstr
configure:24057: gcc -o conftest -g -O2 -I/usr/include/openssl -I/usr/include  conftest.c  >&5
conftest.c:79: warning: conflicting types for built-in function 'strstr'
configure:24063: $? = 0
configure:24067: test -z 
			 || test ! -s conftest.err
configure:24070: $? = 0
configure:24073: test -s conftest
configure:24076: $? = 0
configure:24088: result: yes
configure:24000: checking for strlen
configure:24057: gcc -o conftest -g -O2 -I/usr/include/openssl -I/usr/include  conftest.c  >&5
conftest.c:80: warning: conflicting types for built-in function 'strlen'
configure:24063: $? = 0
configure:24067: test -z 
			 || test ! -s conftest.err
configure:24070: $? = 0
configure:24073: test -s conftest
configure:24076: $? = 0
configure:24088: result: yes
configure:24103: checking for strncasecmp
configure:24160: gcc -o conftest -g -O2 -I/usr/include/openssl -I/usr/include  conftest.c  >&5
conftest.c:81: warning: conflicting types for built-in function 'strncasecmp'
configure:24166: $? = 0
configure:24170: test -z 
			 || test ! -s conftest.err
configure:24173: $? = 0
configure:24176: test -s conftest
configure:24179: $? = 0
configure:24191: result: yes
configure:24103: checking for strncmp
configure:24160: gcc -o conftest -g -O2 -I/usr/include/openssl -I/usr/include  conftest.c  >&5
conftest.c:82: warning: conflicting types for built-in function 'strncmp'
configure:24166: $? = 0
configure:24170: test -z 
			 || test ! -s conftest.err
configure:24173: $? = 0
configure:24176: test -s conftest
configure:24179: $? = 0
configure:24191: result: yes
configure:24205: checking for socket
configure:24262: gcc -o conftest -g -O2 -I/usr/include/openssl -I/usr/include  conftest.c  >&5
configure:24268: $? = 0
configure:24272: test -z 
			 || test ! -s conftest.err
configure:24275: $? = 0
configure:24278: test -s conftest
configure:24281: $? = 0
configure:24293: result: yes
configure:24382: checking for gethostbyname
configure:24439: gcc -o conftest -g -O2 -I/usr/include/openssl -I/usr/include  conftest.c  >&5
configure:24445: $? = 0
configure:24449: test -z 
			 || test ! -s conftest.err
configure:24452: $? = 0
configure:24455: test -s conftest
configure:24458: $? = 0
configure:24470: result: yes
configure:24559: checking for snprintf
configure:24616: gcc -o conftest -g -O2 -I/usr/include/openssl -I/usr/include  conftest.c  >&5
conftest.c:85: warning: conflicting types for built-in function 'snprintf'
configure:24622: $? = 0
configure:24626: test -z 
			 || test ! -s conftest.err
configure:24629: $? = 0
configure:24632: test -s conftest
configure:24635: $? = 0
configure:24647: result: yes
configure:24661: checking for strdup
configure:24718: gcc -o conftest -g -O2 -I/usr/include/openssl -I/usr/include  conftest.c  >&5
conftest.c:86: warning: conflicting types for built-in function 'strdup'
configure:24724: $? = 0
configure:24728: test -z 
			 || test ! -s conftest.err
configure:24731: $? = 0
configure:24734: test -s conftest
configure:24737: $? = 0
configure:24749: result: yes
configure:24763: checking for rand_r
configure:24820: gcc -o conftest -g -O2 -I/usr/include/openssl -I/usr/include  conftest.c  >&5
configure:24826: $? = 0
configure:24830: test -z 
			 || test ! -s conftest.err
configure:24833: $? = 0
configure:24836: test -s conftest
configure:24839: $? = 0
configure:24851: result: yes
configure:24865: checking for localtime_r
configure:24922: gcc -o conftest -g -O2 -I/usr/include/openssl -I/usr/include  conftest.c  >&5
configure:24928: $? = 0
configure:24932: test -z 
			 || test ! -s conftest.err
configure:24935: $? = 0
configure:24938: test -s conftest
configure:24941: $? = 0
configure:24953: result: yes
configure:24967: checking for getipnodebyname
configure:25024: gcc -o conftest -g -O2 -I/usr/include/openssl -I/usr/include  conftest.c  >&5
configure:25030: $? = 0
configure:25034: test -z 
			 || test ! -s conftest.err
configure:25037: $? = 0
configure:25040: test -s conftest
configure:25043: $? = 0
configure:25055: result: yes
configure:25069: checking for freehostent
configure:25126: gcc -o conftest -g -O2 -I/usr/include/openssl -I/usr/include  conftest.c  >&5
configure:25132: $? = 0
configure:25136: test -z 
			 || test ! -s conftest.err
configure:25139: $? = 0
configure:25142: test -s conftest
configure:25145: $? = 0
configure:25157: result: yes
configure:25171: checking for getopt_long
configure:25228: gcc -o conftest -g -O2 -I/usr/include/openssl -I/usr/include  conftest.c  >&5
configure:25234: $? = 0
configure:25238: test -z 
			 || test ! -s conftest.err
configure:25241: $? = 0
configure:25244: test -s conftest
configure:25247: $? = 0
configure:25259: result: yes
configure:25271: checking for socket in -lsocket
configure:25301: gcc -o conftest -g -O2 -I/usr/include/openssl -I/usr/include  conftest.c -lsocket   >&5
ld: library not found for -lsocket
collect2: ld returned 1 exit status
configure:25307: $? = 1
configure: failed program was:
| /* confdefs.h.  */
| 
| #define PACKAGE_NAME ""
| #define PACKAGE_TARNAME ""
| #define PACKAGE_VERSION ""
| #define PACKAGE_STRING ""
| #define PACKAGE_BUGREPORT ""
| #define PACKAGE "siege"
| #define VERSION "3.0.0"
| #define STDC_HEADERS 1
| #define HAVE_SYS_TYPES_H 1
| #define HAVE_SYS_STAT_H 1
| #define HAVE_STDLIB_H 1
| #define HAVE_STRING_H 1
| #define HAVE_MEMORY_H 1
| #define HAVE_STRINGS_H 1
| #define HAVE_INTTYPES_H 1
| #define HAVE_STDINT_H 1
| #define HAVE_UNISTD_H 1
| #define HAVE_DLFCN_H 1
| #ifdef __cplusplus
| extern "C" void exit (int);
| #endif
| #define HAVE_DEV_RANDOM 1
| #define HAVE__USR_INCLUDE_OPENSSL_OPENSSLV_H 1
| #define HAVE_SSL 1
| #define STDC_HEADERS 1
| #define HAVE_SYS_WAIT_H 1
| #define HAVE_FCNTL_H 1
| #define HAVE_LIMITS_H 1
| #define HAVE_UNISTD_H 1
| #define HAVE_SIGNAL_H 1
| #define HAVE_SYS_SOCKET_H 1
| #define HAVE_SYS_SELECT_H 1
| #define HAVE_SYS_TIME_H 1
| #define HAVE_SYS_TIMES_H 1
| #define HAVE_SYS_RESOURCE_H 1
| #define HAVE_ERRNO_H 1
| #define HAVE_ARPA_INET_H 1
| #define HAVE_NETINET_IN_H 1
| #define HAVE_NETDB_H 1
| #define HAVE_PTHREAD_H 1
| #define HAVE_STRING_H 1
| #define HAVE_STRINGS_H 1
| #define HAVE_SCHED_H 1
| #define HAVE_OPENSSL_E_OS2_H 1
| #define TIME_WITH_SYS_TIME 1
| #define RETSIGTYPE void
| #define HAVE_ALLOCA_H 1
| #define HAVE_ALLOCA 1
| #define HAVE_STRCHR 1
| #define HAVE_MEMCPY 1
| #define HAVE_STRNCPY 1
| #define HAVE_STRSTR 1
| #define HAVE_STRLEN 1
| #define HAVE_STRNCASECMP 1
| #define HAVE_STRNCMP 1
| #define HAVE_SOCKET 1
| #define HAVE_GETHOSTBYNAME 1
| #define HAVE_SNPRINTF 1
| #define HAVE_STRDUP 1
| #define HAVE_RAND_R 1
| #define HAVE_LOCALTIME_R 1
| #define HAVE_GETIPNODEBYNAME 1
| #define HAVE_FREEHOSTENT 1
| #define HAVE_GETOPT_LONG 1
| /* end confdefs.h.  */
| 
| /* Override any gcc2 internal prototype to avoid an error.  */
| #ifdef __cplusplus
| extern "C"
| #endif
| /* We use char because int might match the return type of a gcc2
|    builtin and then its argument prototype would still apply.  */
| char socket ();
| int
| main ()
| {
| socket ();
|   ;
|   return 0;
| }
configure:25333: result: no
configure:25349: checking for pthread_attr_init in -lpthread
configure:25379: gcc -o conftest -g -O2 -I/usr/include/openssl -I/usr/include  conftest.c -lpthread   >&5
configure:25385: $? = 0
configure:25389: test -z 
			 || test ! -s conftest.err
configure:25392: $? = 0
configure:25395: test -s conftest
configure:25398: $? = 0
configure:25411: result: yes
configure:25833: creating ./config.status

## ---------------------- ##
## Running config.status. ##
## ---------------------- ##

This file was extended by config.status, which was
generated by GNU Autoconf 2.59.  Invocation command line was

  CONFIG_FILES    = 
  CONFIG_HEADERS  = 
  CONFIG_LINKS    = 
  CONFIG_COMMANDS = 
  $ ./config.status 

on Banana1.local

config.status:751: creating Makefile
config.status:751: creating src/Makefile
config.status:751: creating doc/Makefile
config.status:751: creating html/Makefile
config.status:751: creating lib/Makefile
config.status:751: creating lib/joedog/Makefile
config.status:751: creating include/Makefile
config.status:751: creating include/joedog/Makefile
config.status:751: creating utils/Makefile
config.status:855: creating include/config.h
config.status:1247: executing depfiles commands
config.status:1247: executing default-1 commands
config.status:1247: executing default-2 commands
config.status:1247: executing default-3 commands
config.status:1247: executing default-4 commands
config.status:1247: executing default-5 commands
config.status:1247: executing default-6 commands

## ---------------- ##
## Cache variables. ##
## ---------------- ##

ac_cv_build=i686-apple-darwin12.3.0
ac_cv_build_alias=i686-apple-darwin12.3.0
ac_cv_c_compiler_gnu=yes
ac_cv_c_const=yes
ac_cv_cxx_compiler_gnu=yes
ac_cv_env_CC_set=
ac_cv_env_CC_value=
ac_cv_env_CFLAGS_set=
ac_cv_env_CFLAGS_value=
ac_cv_env_CPPFLAGS_set=
ac_cv_env_CPPFLAGS_value=
ac_cv_env_CPP_set=
ac_cv_env_CPP_value=
ac_cv_env_CXXCPP_set=
ac_cv_env_CXXCPP_value=
ac_cv_env_CXXFLAGS_set=
ac_cv_env_CXXFLAGS_value=
ac_cv_env_CXX_set=
ac_cv_env_CXX_value=
ac_cv_env_F77_set=
ac_cv_env_F77_value=
ac_cv_env_FFLAGS_set=
ac_cv_env_FFLAGS_value=
ac_cv_env_LDFLAGS_set=
ac_cv_env_LDFLAGS_value=
ac_cv_env_build_alias_set=
ac_cv_env_build_alias_value=
ac_cv_env_host_alias_set=
ac_cv_env_host_alias_value=
ac_cv_env_target_alias_set=
ac_cv_env_target_alias_value=
ac_cv_exeext=
ac_cv_f77_compiler_gnu=no
ac_cv_func_alloca_works=yes
ac_cv_func_freehostent=yes
ac_cv_func_gethostbyname=yes
ac_cv_func_getipnodebyname=yes
ac_cv_func_getopt_long=yes
ac_cv_func_localtime_r=yes
ac_cv_func_memcpy=yes
ac_cv_func_rand_r=yes
ac_cv_func_snprintf=yes
ac_cv_func_socket=yes
ac_cv_func_strchr=yes
ac_cv_func_strdup=yes
ac_cv_func_strlen=yes
ac_cv_func_strncasecmp=yes
ac_cv_func_strncmp=yes
ac_cv_func_strncpy=yes
ac_cv_func_strstr=yes
ac_cv_have_dev_random=yes
ac_cv_header__usr_include_openssl_opensslv_h=yes
ac_cv_header_arpa_inet_h=yes
ac_cv_header_dlfcn_h=yes
ac_cv_header_errno_h=yes
ac_cv_header_fcntl_h=yes
ac_cv_header_inttypes_h=yes
ac_cv_header_limits_h=yes
ac_cv_header_memory_h=yes
ac_cv_header_netdb_h=yes
ac_cv_header_netinet_in_h=yes
ac_cv_header_off_include_openssl_opensslv_h=no
ac_cv_header_openssl_e_os2_h=yes
ac_cv_header_openssl_e_os_h=no
ac_cv_header_pthread_h=yes
ac_cv_header_sched_h=yes
ac_cv_header_signal_h=yes
ac_cv_header_stdc=yes
ac_cv_header_stdint_h=yes
ac_cv_header_stdlib_h=yes
ac_cv_header_string_h=yes
ac_cv_header_strings_h=yes
ac_cv_header_sys_resource_h=yes
ac_cv_header_sys_select_h=yes
ac_cv_header_sys_socket_h=yes
ac_cv_header_sys_stat_h=yes
ac_cv_header_sys_time_h=yes
ac_cv_header_sys_times_h=yes
ac_cv_header_sys_types_h=yes
ac_cv_header_sys_wait_h=yes
ac_cv_header_time=yes
ac_cv_header_unistd_h=yes
ac_cv_host=i686-apple-darwin12.3.0
ac_cv_host_alias=i686-apple-darwin12.3.0
ac_cv_lib_pthread_pthread_attr_init=yes
ac_cv_lib_socket_socket=no
ac_cv_objext=o
ac_cv_path_PERL=/usr/bin/perl
ac_cv_path_install='/usr/bin/install -c'
ac_cv_path_shell=/bin/sh
ac_cv_prog_AWK=awk
ac_cv_prog_CPP='gcc -E'
ac_cv_prog_CXXCPP='g++ -E'
ac_cv_prog_ac_ct_AR=ar
ac_cv_prog_ac_ct_CC=gcc
ac_cv_prog_ac_ct_CXX=g++
ac_cv_prog_ac_ct_RANLIB=ranlib
ac_cv_prog_ac_ct_STRIP=strip
ac_cv_prog_cc_g=yes
ac_cv_prog_cc_stdc=
ac_cv_prog_cxx_g=yes
ac_cv_prog_egrep='grep -E'
ac_cv_prog_f77_g=no
ac_cv_prog_make_make_set=yes
ac_cv_type_signal=void
ac_cv_type_size_t=yes
ac_cv_working_alloca_h=yes
am_cv_CC_dependencies_compiler_type=none
am_cv_CXX_dependencies_compiler_type=none
lt_cv_deplibs_check_method=pass_all
lt_cv_file_magic_cmd='$MAGIC_CMD'
lt_cv_file_magic_test_file=
lt_cv_ld_reload_flag=-r
lt_cv_objdir=.libs
lt_cv_path_LD=/usr/llvm-gcc-4.2/libexec/gcc/i686-apple-darwin11/4.2.1/ld
lt_cv_path_LDCXX=/usr/llvm-gcc-4.2/libexec/gcc/i686-apple-darwin11/4.2.1/ld
lt_cv_path_NM=/usr/bin/nm
lt_cv_path_SED=/usr/bin/sed
lt_cv_prog_compiler_c_o=yes
lt_cv_prog_compiler_c_o_CXX=yes
lt_cv_prog_compiler_pic_works=yes
lt_cv_prog_compiler_pic_works_CXX=yes
lt_cv_prog_compiler_rtti_exceptions=no
lt_cv_prog_compiler_static_works=no
lt_cv_prog_compiler_static_works_CXX=no
lt_cv_prog_gnu_ld=no
lt_cv_prog_gnu_ldcxx=no
lt_cv_sys_global_symbol_pipe='sed -n -e '\''s/^.*[ 	]\([BCDEGRST][BCDEGRST]*\)[ 	][ 	]*_\([_A-Za-z][_A-Za-z0-9]*\)$/\1 _\2 \2/p'\'''
lt_cv_sys_global_symbol_to_c_name_address='sed -n -e '\''s/^: \([^ ]*\) $/  {\"\1\", (lt_ptr) 0},/p'\'' -e '\''s/^[BCDEGRST] \([^ ]*\) \([^ ]*\)$/  {"\2", (lt_ptr) \&\2},/p'\'''
lt_cv_sys_global_symbol_to_cdecl='sed -n -e '\''s/^. .* \(.*\)$/extern int \1;/p'\'''
lt_cv_sys_max_cmd_len=196608
lt_lt_cv_prog_compiler_c_o='"yes"'
lt_lt_cv_prog_compiler_c_o_CXX='"yes"'
lt_lt_cv_sys_global_symbol_pipe='"sed -n -e '\''s/^.*[ 	]\\([BCDEGRST][BCDEGRST]*\\)[ 	][ 	]*_\\([_A-Za-z][_A-Za-z0-9]*\\)\$/\\1 _\\2 \\2/p'\''"'
lt_lt_cv_sys_global_symbol_to_c_name_address='"sed -n -e '\''s/^: \\([^ ]*\\) \$/  {\\\"\\1\\\", (lt_ptr) 0},/p'\'' -e '\''s/^[BCDEGRST] \\([^ ]*\\) \\([^ ]*\\)\$/  {\"\\2\", (lt_ptr) \\&\\2},/p'\''"'
lt_lt_cv_sys_global_symbol_to_cdecl='"sed -n -e '\''s/^. .* \\(.*\\)\$/extern int \\1;/p'\''"'

## ----------------- ##
## Output variables. ##
## ----------------- ##

ACLOCAL='${SHELL} /Users/satacad/saturday/saturday/siege-3.0.0/utils/missing --run aclocal-1.9'
ALLOCA=''
AMDEPBACKSLASH='\'
AMDEP_FALSE='#'
AMDEP_TRUE=''
AMTAR='${SHELL} /Users/satacad/saturday/saturday/siege-3.0.0/utils/missing --run tar'
AR='ar'
AUTHOR='Jeffrey Fulmer, et al.'
AUTOCONF='${SHELL} /Users/satacad/saturday/saturday/siege-3.0.0/utils/missing --run autoconf'
AUTOHEADER='${SHELL} /Users/satacad/saturday/saturday/siege-3.0.0/utils/missing --run autoheader'
AUTOMAKE='${SHELL} /Users/satacad/saturday/saturday/siege-3.0.0/utils/missing --run automake-1.9'
AWK='awk'
CC='gcc'
CCDEPMODE='depmode=none'
CC_R=''
CFLAGS='-g -O2'
CPP='gcc -E'
CPPFLAGS='-I/usr/include/openssl -I/usr/include'
CXX='g++'
CXXCPP='g++ -E'
CXXDEPMODE='depmode=none'
CXXFLAGS='-g -O2'
CYGPATH_W='echo'
DATE='April-27-2013'
DEFS='-DHAVE_CONFIG_H'
DEPDIR='.deps'
ECHO='/bin/echo'
ECHO_C='ECHO_N=''
ECHO_T=''
EGREP='grep -E'
EMAIL='jeff@joedog.org'
EXEEXT=''
F77=''
FFLAGS=''
INSTALL_DATA='${INSTALL} -m 644'
INSTALL_PROGRAM='${INSTALL}'
INSTALL_SCRIPT='${INSTALL}'
INSTALL_STRIP_PROGRAM='${SHELL} $(install_sh) -c -s'
LDFLAGS=''
LDL='-ldl'
LIBOBJS=''
LIBS=''
LIBTOOL='$(SHELL) $(top_builddir)/libtool'
LN_S='ln -s'
LTLIBOBJS=''
MAKEINFO='${SHELL} /Users/satacad/saturday/saturday/siege-3.0.0/utils/missing --run makeinfo'
OBJEXT='o'
PACKAGE='siege'
PACKAGE_BUGREPORT=''
PACKAGE_NAME=''
PACKAGE_STRING=''
PACKAGE_TARNAME=''
PACKAGE_VERSION=''
PATH_SEPARATOR=':'
PERL='/usr/bin/perl'
PLATFORM='apple-i686-darwin12.3.0'
PROGRAM='siege'
PTHREAD_CFLAGS='-D_REENTRANT -D_POSIX_PTHREAD_SEMANTICS'
PTHREAD_LDFLAGS='-lpthread'
RANLIB='ranlib'
SED='/usr/bin/sed'
SET_MAKE=''
SHELL='/bin/sh'
SSL_CFLAGS='-DOPENSSL_NO_KRB5'
SSL_INCLUDE='-I/usr/include/openssl -I/usr/include'
SSL_LDFLAGS='-L/usr/lib'
SSL_LIBS='-ldl -lssl -lcrypto'
STRIP='strip'
VERSION='3.0.0'
WARN_CFLAGS='-W -Wall -Wunused-value'
ac_ct_AR='ar'
ac_ct_CC='gcc'
ac_ct_CXX='g++'
ac_ct_F77=''
ac_ct_RANLIB='ranlib'
ac_ct_STRIP='strip'
am__fastdepCC_FALSE=''
am__fastdepCC_TRUE='#'
am__fastdepCXX_FALSE=''
am__fastdepCXX_TRUE='#'
am__include='include'
am__leading_dot='.'
am__quote=''
am__tar='${AMTAR} chof - "$$tardir"'
am__untar='${AMTAR} xf -'
bindir='${exec_prefix}/bin'
build='i686-apple-darwin12.3.0'
build_alias=''
build_cpu='i686'
build_os='darwin12.3.0'
build_vendor='apple'
datadir='${prefix}/share'
exec_prefix='${prefix}'
host='i686-apple-darwin12.3.0'
host_alias=''
host_cpu='i686'
host_os='darwin12.3.0'
host_vendor='apple'
includedir='${prefix}/include'
infodir='${prefix}/info'
install_sh='/Users/satacad/saturday/saturday/siege-3.0.0/utils/install-sh'
libdir='${exec_prefix}/lib'
libexecdir='${exec_prefix}/libexec'
localstatedir='${prefix}/var'
mandir='${prefix}/man'
mkdir_p='$(mkinstalldirs)'
oldincludedir='/usr/include'
prefix='/usr/local'
program_transform_name='s,x,x,'
sbindir='${exec_prefix}/sbin'
sharedstatedir='${prefix}/com'
sysconfdir='${prefix}/etc'
target_alias=''

## ----------- ##
## confdefs.h. ##
## ----------- ##

#define HAVE_ALLOCA 1
#define HAVE_ALLOCA_H 1
#define HAVE_ARPA_INET_H 1
#define HAVE_DEV_RANDOM 1
#define HAVE_DLFCN_H 1
#define HAVE_ERRNO_H 1
#define HAVE_FCNTL_H 1
#define HAVE_FREEHOSTENT 1
#define HAVE_GETHOSTBYNAME 1
#define HAVE_GETIPNODEBYNAME 1
#define HAVE_GETOPT_LONG 1
#define HAVE_INTTYPES_H 1
#define HAVE_LIMITS_H 1
#define HAVE_LOCALTIME_R 1
#define HAVE_MEMCPY 1
#define HAVE_MEMORY_H 1
#define HAVE_NETDB_H 1
#define HAVE_NETINET_IN_H 1
#define HAVE_OPENSSL_E_OS2_H 1
#define HAVE_PTHREAD_H 1
#define HAVE_RAND_R 1
#define HAVE_SCHED_H 1
#define HAVE_SIGNAL_H 1
#define HAVE_SNPRINTF 1
#define HAVE_SOCKET 1
#define HAVE_SSL 1
#define HAVE_STDINT_H 1
#define HAVE_STDLIB_H 1
#define HAVE_STRCHR 1
#define HAVE_STRDUP 1
#define HAVE_STRINGS_H 1
#define HAVE_STRINGS_H 1
#define HAVE_STRING_H 1
#define HAVE_STRING_H 1
#define HAVE_STRLEN 1
#define HAVE_STRNCASECMP 1
#define HAVE_STRNCMP 1
#define HAVE_STRNCPY 1
#define HAVE_STRSTR 1
#define HAVE_SYS_RESOURCE_H 1
#define HAVE_SYS_SELECT_H 1
#define HAVE_SYS_SOCKET_H 1
#define HAVE_SYS_STAT_H 1
#define HAVE_SYS_TIMES_H 1
#define HAVE_SYS_TIME_H 1
#define HAVE_SYS_TYPES_H 1
#define HAVE_SYS_WAIT_H 1
#define HAVE_UNISTD_H 1
#define HAVE_UNISTD_H 1
#define HAVE__USR_INCLUDE_OPENSSL_OPENSSLV_H 1
#define PACKAGE "siege"
#define PACKAGE_BUGREPORT ""
#define PACKAGE_NAME ""
#define PACKAGE_STRING ""
#define PACKAGE_TARNAME ""
#define PACKAGE_VERSION ""
#define RETSIGTYPE void
#define STDC_HEADERS 1
#define STDC_HEADERS 1
#define TIME_WITH_SYS_TIME 1
#define VERSION "3.0.0"
#endif
#ifdef __cplusplus
extern "C" void exit (int);

configure: exit 0
